  CheckNextTaskStatus             247              260            
  Error                           265              242              254            
  ExecuteNextTask                 264              251            
  MMUv1                           10 (D.5)         15               15 (D.18)      
  MOS6502                         8 (B.5)          13               13 (B.23)      
  SBC6502v1_4K                    9 (C.5)          14               14 (C.18)      
  VMK_v1                          7                12               12             
  W65C02                          8 (B.6)          13 (B.27)      
  _MPU65XX_BRK                    206            
  _MPU65XX_BRK_VECTOR             284 (Q.11)     
  _MPU65XX_INTERRUPT_VECTORS      279 (Q.6)      
  _MPU65XX_INTERRUPT_VECTORS_     287 (Q.14)     
  _MPU65XX_IRQ                    205              285 (Q.12)     
  _MPU65XX_IRQ_VECTOR             283 (Q.10)     
  _MPU65XX_NMI                    269              281 (Q.8)      
  _MPU65XX_NMI_VECTOR             281 (Q.8)      
  _MPU65XX_RESET                  164              282 (Q.9)      
  _MPU65XX_RESET_VECTOR           282 (Q.9)      
  _MPU65XX_STACK                  13 (H.10)      
  _MPU65XX_STACK_                 13 (H.11)      
  _MPU65XX_VECTORS                13 (H.14)      
  _MPU65XX_VECTORS_               13 (H.15)      
  _MPU65XX_ZP                     13 (H.6)       
  _MPU65XX_ZP_                    13 (H.7)       
  _SBC6502_IO                     14 (J.11)        181            
  _SBC6502_IO_                    14 (J.12)        14 (J.16)      
  _SBC6502_eio                    14 (J.13)        181            
  _SBC6502_eram                   14 (J.8)         179            
  _SBC6502_erom                   14 (J.17)        183            
  _SBC6502_ram                    14 (J.6)         179            
  _SBC6502_ram_                   14 (J.7)         14 (J.11)      
  _SBC6502_rom                    14 (J.16)        183            
  _arch_declared                  14 (C.16)        14 (C.15)      
  _cpu_declared                   13 (B.21)        13 (B.20)      
  _mmu                            42 (L.145)     
  .MMU:                           118 (L.221)    
  .MMU:CR0                        78 (L.181)     
  .MMU:CR1                        90 (L.193)     
  .MMU:R0                         56 (L.159)       133 (L.236)    
  .MMU:R1                         66 (L.169)       137 (L.240)    
  .MMU:bitsEffectiveAddr          32 (L.135)     
  .MMU:bitsPID                    34 (L.137)       38 (L.141)     
  .MMU:bitsPhysicalAddr           31 (L.134)       36 (L.139)     
  .MMU:bitsSegmentAddr            36 (L.139)       37 (L.140)     
  .MMU:bitsSegmentSize            33 (L.136)       36 (L.139)     
  .MMU:configValue                38 (L.141)       135 (L.238)    
  .MMU:declared                   15 (D.16)        15 (D.15)      
  .MMU:initialize                 131 (L.234)      169            
  .MMU:map_segment                156 (L.259)      179 (L.171)      181 (L.171)      183 (L.171)    
  .MMU:numVectors                 37 (L.140)       116 (L.219)      142 (L.245)    
  .MMU:parms                      122 (L.225)    
  .MMU:parms_                     126 (L.229)    
  .MMU:parms_addr                 124 (L.227)      179 (L.162)      179 (L.164)      181 (L.162)      181 (L.164)      183 (L.162)      183 (L.164)    
  .MMU:parms_effect_addr          125 (L.228)      179 (L.167)      179 (L.169)      181 (L.167)      181 (L.169)      183 (L.167)      183 (L.169)    
  .MMU:parms_pid                  123 (L.226)      179 (L.159)      181 (L.159)      183 (L.159)    
  .MMU:timer_initialize           152 (L.255)      189            
  .MMU:vectors                    115 (L.218)      144 (L.247)    
  .MMU:vectors_                   117 (L.220)    
  _syscall_terminate              12 (F.1)       
  _vmk_declared                   12               12             
  _vmk_kernal_pid                 7                179              181              183            
  bitsEffectiveAddr               25               29             
  bitsPID                         27               29             
  bitsPhysicalAddr                24               29             
  bitsSegmentSize                 26               29               226              230              234            
  curTask                         197              212              215              218              222              228              232              236            
  curTaskRegY                     198              210              213            
  curTaskSegment                  185              226              230              234            
  false                           7              
  loop                            143 (L.246)      147 (L.250)    
  task                            195              243              245              249              253              255              257              258            
  tasks                           196              241              244            
  true                            7              
