  CheckNextTaskStatus            - 248
  Error                          - 266
  ExecuteNextTask                - 265
  MMUv1                          - 10 (D.5)
  MOS6502                        - 8 (B.5)
  SBC6502v1_4K                   - 9 (C.5)
  VMK_v1                         - 7
  W65C02                         - 8 (B.6)
  _MPU65XX_BRK                   - 207
  _MPU65XX_BRK_VECTOR            - 285 (Q.11)
  _MPU65XX_INTERRUPT_VECTORS     - 280 (Q.6)
  _MPU65XX_INTERRUPT_VECTORS_    - 288 (Q.14)
  _MPU65XX_IRQ                   - 206
  _MPU65XX_IRQ_VECTOR            - 284 (Q.10)
  _MPU65XX_NMI                   - 270
  _MPU65XX_NMI_VECTOR            - 282 (Q.8)
  _MPU65XX_RESET                 - 165
  _MPU65XX_RESET_VECTOR          - 283 (Q.9)
  _MPU65XX_STACK                 - 14 (H.10)
  _MPU65XX_STACK_                - 14 (H.11)
  _MPU65XX_VECTORS               - 14 (H.14)
  _MPU65XX_VECTORS_              - 14 (H.15)
  _MPU65XX_ZP                    - 14 (H.6)
  _MPU65XX_ZP_                   - 14 (H.7)
  _SBC6502_IO                    - 15 (J.11)
  _SBC6502_IO_                   - 15 (J.12)
  _SBC6502_eio                   - 15 (J.13)
  _SBC6502_eram                  - 15 (J.8)
  _SBC6502_erom                  - 15 (J.17)
  _SBC6502_ram                   - 15 (J.6)
  _SBC6502_ram_                  - 15 (J.7)
  _SBC6502_rom                   - 15 (J.16)
  _arch_declared                 - 15 (C.16)
  _cpu_declared                  - 14 (B.21)
  _mmu                           - 43 (L.145)
  _mmu_                          - 119 (L.221)
  _mmu_CR0                       - 79 (L.181)
  _mmu_CR1                       - 91 (L.193)
  _mmu_R0                        - 57 (L.159)
  _mmu_R1                        - 67 (L.169)
  _mmu_bitsEffectiveAddr         - 33 (L.135)
  _mmu_bitsPID                   - 35 (L.137)
  _mmu_bitsPhysicalAddr          - 32 (L.134)
  _mmu_bitsSegmentAddr           - 37 (L.139)
  _mmu_bitsSegmentSize           - 34 (L.136)
  _mmu_configValue               - 39 (L.141)
  _mmu_declared                  - 16 (D.16)
  _mmu_initialize                - 132 (L.234)
  _mmu_map_segment               - 157 (L.259)
  _mmu_numVectors                - 38 (L.140)
  _mmu_parms                     - 123 (L.225)
  _mmu_parms_                    - 127 (L.229)
  _mmu_parms_addr                - 125 (L.227)
  _mmu_parms_effect_addr         - 126 (L.228)
  _mmu_parms_pid                 - 124 (L.226)
  _mmu_timer_initialize          - 153 (L.255)
  _mmu_vectors                   - 116 (L.218)
  _mmu_vectors_                  - 118 (L.220)
  _syscall_terminate             - 13 (F.1)
  _vmk_declared                  - 13
  _vmk_kernal_pid                - 7
  bitsEffectiveAddr              - 26
  bitsPID                        - 28
  bitsPhysicalAddr               - 25
  bitsSegmentSize                - 27
  curTask                        - 198
  curTaskRegY                    - 199
  curTaskSegment                 - 186
  false                          - 7
  loop                           - 144 (L.246)
  task                           - 196
  tasks                          - 197
  true                           - 7
